
[Profil{id='101', label='user', description='Simple utilsateur dans le systeme'}, Profil{id='102', label='admin', description='Super administrateur à acces à tout le systeme sans restriction'}]
Profil{id='102', label='admin', description='Super administrateur à acces à tout le systeme sans restriction'}
Profil{id='102', label='admin', description='Super administrateur à acces à tout le systeme sans restriction'}
Hello

user null
user null
user null
User{id='111'email='boriscissoko@gmail.com', password='null', isLocked=false, person=AbstractEntity{id=111, createdAt=2020-07-16T12:24:02, updatedAt=2020-07-16T12:24:02} Person{name='boris', surname='cissoko'}}
User{id='112'email='boris@gmail.com', password='null', isLocked=false, person=AbstractEntity{id=112, createdAt=2020-07-16T12:24:30, updatedAt=2020-07-16T12:24:30} Person{name='boris', surname='cissoko'}}
user null
user null
user null
user null
user null
user null
user null
user null
user null
User{id='112'email='boris@gmail.com', password='null', isLocked=false, person=AbstractEntity{id=112, createdAt=2020-07-16T12:24:30, updatedAt=2020-07-16T12:24:30} Person{name='boris', surname='cissoko'}}
Update
Update
Update
Update
Update
Update
Update
Update
Update
Update
Update
Update
Update
Update
Update
Update
Update
Update
Update
Update
Update
Update
Update
Update
Update
Update
Update
Update
Update
Update
Update
Update
Update
Update
Update
new instance
new instance
Update
Update
Update
new instance
Update
Update
Update
Update
Decision true
Decision false
Update
new instance
Update
Decision true
user state User{id='112'email='Merci mour l'effort', password='null', isLocked=false, person=AbstractEntity{id=112, createdAt=2020-07-16T12:24:30, updatedAt=2020-07-16T12:24:30} Person{name='boris', surname='cissoko'}}
new instance
New user!!
Update
update existing user!!
Update
New user!!
Update
update existing user!!
Update
New user!!
Update
New user!!
Update

Update
update existing user!!
Update
update existing user!!
Update
User{id='0'email='steve@gmail.com', password='password', isLocked=null, person=AbstractEntity{id=0, createdAt=null, updatedAt=null} Person{name='steve', surname='steveo'}}
Log user
User{id='113'email='steve@gmail.com', password='null', isLocked=false, person=AbstractEntity{id=113, createdAt=2020-07-23T11:47:26, updatedAt=2020-07-23T11:47:26} Person{name='steve', surname='steveo'}}
Log user
User{id='111'email='boriscissoko@gmail.com', password='null', isLocked=false, person=AbstractEntity{id=111, createdAt=2020-07-16T12:24:02, updatedAt=2020-07-16T12:24:02} Person{name='boris', surname='cissoko'}}
User{id='0'email='davidluiz.matjaba@gmail.com', password='123456', isLocked=null, person=AbstractEntity{id=0, createdAt=null, updatedAt=null} Person{name='matjaba', surname='david'}}

Caddy
Caddy

fa

Caddy
fa
fa
Caddy
Caddy
fa
[]
[]
[]
[]
[]
[]
[]
[]
[]
[]
[Book{title='grand all 2', description='description', category=AbstractEntity{id=101, createdAt=null, updatedAt=null}, price=1000.0, type='public'}, Book{title='how totalk', description='qfjoqis qshjkqsf qshjkfhefhoqjsd qfjqhjhqfjkhqs', category=AbstractEntity{id=101, createdAt=null, updatedAt=null}, price=15000.0, type='privé'}, Book{title='isabel', description='this book talk about isabel', category=AbstractEntity{id=101, createdAt=null, updatedAt=null}, price=15000.0, type='public'}]
[]
[Book{title='grand all 2', description='description', category=AbstractEntity{id=101, createdAt=null, updatedAt=null}, price=1000.0, type='public'}, Book{title='the book', description='zhef azehdfhazuir zgaefiufopeugzrkog zefgzegjhbzef', category=AbstractEntity{id=101, createdAt=null, updatedAt=null}, price=0.0, type='public'}, Book{title='book test', description='azehfkzeh eazhfhazyfguefh ahfuazhfuiazf', category=AbstractEntity{id=101, createdAt=null, updatedAt=null}, price=0.0, type='public'}, Book{title='good book', description='azhjkazhdazu azhdfuazdihazudh', category=AbstractEntity{id=101, createdAt=null, updatedAt=null}, price=2500.0, type='privé'}]
[Book{title='grand all 2', description='description', category=AbstractEntity{id=101, createdAt=null, updatedAt=null}, price=1000.0, type='public'}, Book{title='how totalk', description='qfjoqis qshjkqsf qshjkfhefhoqjsd qfjqhjhqfjkhqs', category=AbstractEntity{id=101, createdAt=null, updatedAt=null}, price=15000.0, type='privé'}, Book{title='isabel', description='this book talk about isabel', category=AbstractEntity{id=101, createdAt=null, updatedAt=null}, price=15000.0, type='public'}]
[Book{title='how totalk', description='qfjoqis qshjkqsf qshjkfhefhoqjsd qfjqhjhqfjkhqs', category=AbstractEntity{id=101, createdAt=null, updatedAt=null}, price=15000.0, type='privé'}, Book{title='good book', description='azhjkazhdazu azhdfuazdihazudh', category=AbstractEntity{id=101, createdAt=null, updatedAt=null}, price=2500.0, type='privé'}]
[Book{title='how totalk', description='qfjoqis qshjkqsf qshjkfhefhoqjsd qfjqhjhqfjkhqs', category=AbstractEntity{id=101, createdAt=null, updatedAt=null}, price=15000.0, type='privé'}, Book{title='good book', description='azhjkazhdazu azhdfuazdihazudh', category=AbstractEntity{id=101, createdAt=null, updatedAt=null}, price=2500.0, type='privé'}]
[Book{title='how totalk', description='qfjoqis qshjkqsf qshjkfhefhoqjsd qfjqhjhqfjkhqs', category=AbstractEntity{id=101, createdAt=null, updatedAt=null}, price=15000.0, type='privé'}, Book{title='good book', description='azhjkazhdazu azhdfuazdihazudh', category=AbstractEntity{id=101, createdAt=null, updatedAt=null}, price=2500.0, type='privé'}]
[Book{title='grand all 2', description='description', category=AbstractEntity{id=101, createdAt=null, updatedAt=null}, price=1000.0, type='public'}, Book{title='how totalk', description='qfjoqis qshjkqsf qshjkfhefhoqjsd qfjqhjhqfjkhqs', category=AbstractEntity{id=101, createdAt=null, updatedAt=null}, price=15000.0, type='privé'}, Book{title='isabel', description='this book talk about isabel', category=AbstractEntity{id=101, createdAt=null, updatedAt=null}, price=15000.0, type='public'}, Book{title='good book', description='azhjkazhdazu azhdfuazdihazudh', category=AbstractEntity{id=101, createdAt=null, updatedAt=null}, price=2500.0, type='privé'}]
[]
[Book{title='how totalk', description='qfjoqis qshjkqsf qshjkfhefhoqjsd qfjqhjhqfjkhqs', category=AbstractEntity{id=101, createdAt=null, updatedAt=null}, price=15000.0, type='privé'}, Book{title='isabel', description='this book talk about isabel', category=AbstractEntity{id=101, createdAt=null, updatedAt=null}, price=15000.0, type='public'}]
bonjour
[Book{title='grand all 2', description='description', category=AbstractEntity{id=101, createdAt=null, updatedAt=null}, price=1000.0, type='public'}, Book{title='how totalk', description='qfjoqis qshjkqsf qshjkfhefhoqjsd qfjqhjhqfjkhqs', category=AbstractEntity{id=101, createdAt=null, updatedAt=null}, price=15000.0, type='privé'}, Book{title='isabel', description='this book talk about isabel', category=AbstractEntity{id=101, createdAt=null, updatedAt=null}, price=15000.0, type='public'}]
List des id dans le panier
[]
[Book{title='grand all 2', description='description', category=AbstractEntity{id=101, createdAt=null, updatedAt=null}, price=1000.0, type='public'}, Book{title='how totalk', description='qfjoqis qshjkqsf qshjkfhefhoqjsd qfjqhjhqfjkhqs', category=AbstractEntity{id=101, createdAt=null, updatedAt=null}, price=15000.0, type='privé'}, Book{title='isabel', description='this book talk about isabel', category=AbstractEntity{id=101, createdAt=null, updatedAt=null}, price=15000.0, type='public'}]
List des id dans le panier
[102, 103, 104]
[]
List des id dans le panier
[]
[]
List des id dans le panier
[]
[Book{title='grand all 2', description='description', category=AbstractEntity{id=101, createdAt=null, updatedAt=null}, price=1000.0, type='public'}, Book{title='how totalk', description='qfjoqis qshjkqsf qshjkfhefhoqjsd qfjqhjhqfjkhqs', category=AbstractEntity{id=101, createdAt=null, updatedAt=null}, price=15000.0, type='privé'}, Book{title='isabel', description='this book talk about isabel', category=AbstractEntity{id=101, createdAt=null, updatedAt=null}, price=15000.0, type='public'}, Book{title='null', description='null', category=null, price=null, type='null'}]
[Book{title='grand all 2', description='description', category=AbstractEntity{id=101, createdAt=null, updatedAt=null}, price=1000.0, type='public'}, Book{title='how totalk', description='qfjoqis qshjkqsf qshjkfhefhoqjsd qfjqhjhqfjkhqs', category=AbstractEntity{id=101, createdAt=null, updatedAt=null}, price=15000.0, type='privé'}, Book{title='isabel', description='this book talk about isabel', category=AbstractEntity{id=101, createdAt=null, updatedAt=null}, price=15000.0, type='public'}, Book{title='null', description='null', category=null, price=null, type='null'}]
[Book{title='grand all 2', description='description', category=AbstractEntity{id=101, createdAt=null, updatedAt=null}, price=1000.0, type='public'}, Book{title='how totalk', description='qfjoqis qshjkqsf qshjkfhefhoqjsd qfjqhjhqfjkhqs', category=AbstractEntity{id=101, createdAt=null, updatedAt=null}, price=15000.0, type='privé'}, Book{title='isabel', description='this book talk about isabel', category=AbstractEntity{id=101, createdAt=null, updatedAt=null}, price=15000.0, type='public'}]
List des id dans le panier
[102, 103, 104]
[Book{title='good book', description='azhjkazhdazu azhdfuazdihazudh', category=AbstractEntity{id=101, createdAt=null, updatedAt=null}, price=2500.0, type='privé'}, Book{title='trois prétendant un mari', description='zazefnazhf azhduazhdfyazfagzhrbjzghfa', category=AbstractEntity{id=101, createdAt=null, updatedAt=null}, price=0.0, type='public'}]
List des id dans le panier
[108, 109]
[Book{title='good book', description='azhjkazhdazu azhdfuazdihazudh', category=AbstractEntity{id=101, createdAt=null, updatedAt=null}, price=2500.0, type='privé'}, Book{title='trois prétendant un mari', description='zazefnazhf azhduazhdfyazfagzhrbjzghfa', category=AbstractEntity{id=101, createdAt=null, updatedAt=null}, price=0.0, type='public'}]
List des id dans le panier
[108, 109]
[Book{title='how totalk', description='qfjoqis qshjkqsf qshjkfhefhoqjsd qfjqhjhqfjkhqs', category=AbstractEntity{id=101, createdAt=null, updatedAt=null}, price=15000.0, type='privé'}, Book{title='good book', description='azhjkazhdazu azhdfuazdihazudh', category=AbstractEntity{id=101, createdAt=null, updatedAt=null}, price=2500.0, type='privé'}]
List des id dans le panier
[103, 108]
[Book{title='how totalk', description='qfjoqis qshjkqsf qshjkfhefhoqjsd qfjqhjhqfjkhqs', category=AbstractEntity{id=101, createdAt=null, updatedAt=null}, price=15000.0, type='privé'}, Book{title='good book', description='azhjkazhdazu azhdfuazdihazudh', category=AbstractEntity{id=101, createdAt=null, updatedAt=null}, price=2500.0, type='privé'}]
List des id dans le panier
[103, 108]
[Book{title='how totalk', description='qfjoqis qshjkqsf qshjkfhefhoqjsd qfjqhjhqfjkhqs', category=AbstractEntity{id=101, createdAt=null, updatedAt=null}, price=15000.0, type='privé'}, Book{title='good book', description='azhjkazhdazu azhdfuazdihazudh', category=AbstractEntity{id=101, createdAt=null, updatedAt=null}, price=2500.0, type='privé'}]
List des id dans le panier
[103, 108]
[]
List des id dans le panier
[]
[Book{title='how totalk', description='qfjoqis qshjkqsf qshjkfhefhoqjsd qfjqhjhqfjkhqs', category=AbstractEntity{id=101, createdAt=null, updatedAt=null}, price=15000.0, type='privé'}]
List des id dans le panier
[103]
[]
List des id dans le panier
[]
[Book{title='good book', description='azhjkazhdazu azhdfuazdihazudh', category=AbstractEntity{id=101, createdAt=null, updatedAt=null}, price=2500.0, type='privé'}]
List des id dans le panier
[108]
send email to : davidluiz.matjaba@gmail.com
email send succesfully
[Book{title='how totalk', description='qfjoqis qshjkqsf qshjkfhefhoqjsd qfjqhjhqfjkhqs', category=AbstractEntity{id=101, createdAt=null, updatedAt=null}, price=15000.0, type='privé'}, Book{title='good book', description='azhjkazhdazu azhdfuazdihazudh', category=AbstractEntity{id=101, createdAt=null, updatedAt=null}, price=2500.0, type='privé'}]
List des id dans le panier
[103, 108]
[]
List des id dans le panier
[]
[]
List des id dans le panier
[]
[]
List des id dans le panier
[]
[]
List des id dans le panier
[]
[]
List des id dans le panier
[]
[]
List des id dans le panier
[]
[]
List des id dans le panier
[]
[]
List des id dans le panier
[]
[Book{title='how totalk', description='qfjoqis qshjkqsf qshjkfhefhoqjsd qfjqhjhqfjkhqs', category=AbstractEntity{id=101, createdAt=null, updatedAt=null}, price=15000.0, type='privé'}]
List des id dans le panier
[103]
[]
List des id dans le panier
[]
[]
List des id dans le panier
[]
[]
List des id dans le panier
[]
[]
List des id dans le panier
[]
[]
List des id dans le panier
[]
[]
List des id dans le panier
[]
[]
List des id dans le panier
[]
[]
List des id dans le panier
[]
User{id='0'email='boriscissoko@gmail.com', password='password', isLocked=null, person=AbstractEntity{id=0, createdAt=null, updatedAt=null} Person{name='test', surname='testtest'}}
User{id='0'email='boriscissoko@gmail.com', password='password', isLocked=null, person=AbstractEntity{id=0, createdAt=null, updatedAt=null} Person{name='test', surname='testtest'}}
User{id='0'email='boriscissoko@gmail.com', password='password', isLocked=null, person=AbstractEntity{id=0, createdAt=null, updatedAt=null} Person{name='test', surname='testtest'}}
[Book{title='how totalk', description='qfjoqis qshjkqsf qshjkfhefhoqjsd qfjqhjhqfjkhqs', category=AbstractEntity{id=101, createdAt=null, updatedAt=null}, price=15000.0, type='privé'}, Book{title='good book', description='azhjkazhdazu azhdfuazdihazudh', category=AbstractEntity{id=101, createdAt=null, updatedAt=null}, price=2500.0, type='privé'}]
List des id dans le panier
[103, 108]
send email to : boris@gmail.com
[]
List des id dans le panier
[]
[]
List des id dans le panier
[]
[Book{title='good book', description='azhjkazhdazu azhdfuazdihazudh', category=AbstractEntity{id=101, createdAt=null, updatedAt=null}, price=2500.0, type='privé'}]
List des id dans le panier
[108]
send email to : davidluiz.matjaba@gmail.com
email send succesfully
User{id='0'email='franc@ivan,com', password='toltec', isLocked=null, person=AbstractEntity{id=0, createdAt=null, updatedAt=null} Person{name='franc', surname='ivan'}}
[Book{title='how totalk', description='qfjoqis qshjkqsf qshjkfhefhoqjsd qfjqhjhqfjkhqs', category=AbstractEntity{id=101, createdAt=null, updatedAt=null}, price=15000.0, type='privé'}, Book{title='good book', description='azhjkazhdazu azhdfuazdihazudh', category=AbstractEntity{id=101, createdAt=null, updatedAt=null}, price=3000.0, type='privé'}]
List des id dans le panier
[103, 108]
send email to : nwansi@toltec-consulting.com
email send succesfully
[]
List des id dans le panier
[]
[]
List des id dans le panier
[]
